<?xml version="1.0" encoding="UTF-8"?>
<testsuite xmlns:xsi="http://www.w3.org/2001/XMLSchema-instance" xsi:noNamespaceSchemaLocation="https://maven.apache.org/surefire/maven-surefire-plugin/xsd/surefire-test-report-3.0.xsd" version="3.0" name="runners.TestRunner" time="3.851" tests="1" errors="0" skipped="0" failures="0">
  <properties>
[...]
</properties>
  <testcase name="Verify homepage title" classname="Basic UI Loading Verification" time="3.577">
    <system-out><![CDATA[
Scenario: Verify homepage title                       &amp#27;[90m# src/test/resources/features/UiVerify.feature:3&amp#27;[0m
  &amp#27;[32mWhen &amp#27;[0m&amp#27;[32mthe user navigates to &amp#27;[0m&amp#27;[32m&amp#27;[1m"https://example.com"&amp#27;[0m    &amp#27;[90m# steps.UiSteps.navigateToUrl(java.lang.String)&amp#27;[0m
  &amp#27;[32mThen &amp#27;[0m&amp#27;[32mthe page title should contain &amp#27;[0m&amp#27;[32m&amp#27;[1m"Example Domain"&amp#27;[0m &amp#27;[90m# steps.UiSteps.verifyTitle(java.lang.String)&amp#27;[0m
]]></system-out>
    <system-err><![CDATA[Jun 08, 2026 10:25:11 AM org.openqa.selenium.devtools.CdpVersionFinder findNearestMatch
WARNING: Unable to find CDP implementation matching 149
Jun 08, 2026 10:25:11 AM org.openqa.selenium.chromium.ChromiumDriver lambda$new$5
WARNING: Unable to find version of CDP to use for 149.0.7827.54. You may need to include a dependency on a specific version of the CDP using something similar to `org.seleniumhq.selenium:selenium-devtools-v86:4.18.1` where the version ("v86") matches the version of the chromium-based browser you're using and the version number of the artifact is the same as Selenium's.
]]></system-err>
  </testcase>
</testsuite>